<?xml version="1.0" encoding="UTF-8"?>
<!-- Generated by org.testng.reporters.JUnitXMLReporter -->
<testsuite hostname="LAPTOP-BOP5U79R" name="Default test" tests="7" failures="0" timestamp="5 Dec 2021 11:08:25 GMT" time="1.671" errors="0">
  <testcase name="test_0_0_open" time="1.625" classname="cyb.ttp.lab2.Test_0"/>
  <testcase name="test_0_0_open" time="0.0" classname="cyb.ttp.lab2.Test_0"/>
  <testcase name="test_0_0_open" time="0.0" classname="cyb.ttp.lab2.Test_0"/>
  <testcase name="test_1_0_compare" time="0.0" classname="cyb.ttp.lab2.Test_1"/>
  <testcase name="test_1_0_compare" time="0.0" classname="cyb.ttp.lab2.Test_1"/>
  <testcase name="test_1_0_compare" time="0.0" classname="cyb.ttp.lab2.Test_1"/>
  <testcase name="test_1_0_contains" time="0.0" classname="cyb.ttp.lab2.Test_1"/>
</testsuite> <!-- Default test -->
