<?xml version="1.0" encoding="UTF-8"?>
<!-- Generated by org.testng.reporters.JUnitXMLReporter -->
<testsuite hostname="LAPTOP-BOP5U79R" name="FileOpener" tests="3" failures="0" timestamp="4 Nov 2021 11:10:21 GMT" time="0.066" errors="0">
  <testcase name="test_0_0_open" time="0.027" classname="cyb.ttp.lab2.Test_0"/>
  <testcase name="test_0_0_open" time="0.003" classname="cyb.ttp.lab2.Test_0"/>
  <testcase name="test_0_0_open" time="0.002" classname="cyb.ttp.lab2.Test_0"/>
</testsuite> <!-- FileOpener -->
