<?xml version="1.0" encoding="UTF-8"?>
<!-- Generated by org.testng.reporters.JUnitXMLReporter -->
<testsuite hostname="LAPTOP-BOP5U79R" name="WordsComparator" tests="4" failures="0" timestamp="4 Nov 2021 11:10:21 GMT" time="0.03" errors="0">
  <testcase name="test_1_0_compare" time="0.002" classname="cyb.ttp.lab2.Test_1"/>
  <testcase name="test_1_0_compare" time="0.003" classname="cyb.ttp.lab2.Test_1"/>
  <testcase name="test_1_0_compare" time="0.002" classname="cyb.ttp.lab2.Test_1"/>
  <testcase name="test_1_0_contains" time="0.002" classname="cyb.ttp.lab2.Test_1"/>
</testsuite> <!-- WordsComparator -->
